Arguments: 
  C:\Program Files\nodejs\node.exe C:\Users\Willis\AppData\Roaming\npm\node_modules\yarn\bin\yarn.js start

PATH: 
  C:\Users\Willis\bin;C:\Program Files\Git\mingw64\bin;C:\Program Files\Git\usr\local\bin;C:\Program Files\Git\usr\bin;C:\Program Files\Git\usr\bin;C:\Program Files\Git\mingw64\bin;C:\Program Files\Git\usr\bin;C:\Users\Willis\bin;C:\Windows\system32;C:\Windows;C:\Windows\System32\Wbem;C:\Windows\System32\WindowsPowerShell\v1.0;C:\Windows\System32\OpenSSH;C:\Program Files (x86)\NVIDIA Corporation\PhysX\Common;C:\Program Files\NVIDIA Corporation\NVIDIA NvDLISR;C:\Program Files\nodejs;C:\Program Files\Git\cmd;C:\Users\Willis\AppData\Local\Microsoft\WindowsApps;C:\Users\Willis\AppData\Roaming\npm;C:\Users\Willis\AppData\Local\Programs\Microsoft VS Code\bin;C:\Program Files\Git\usr\bin\vendor_perl;C:\Program Files\Git\usr\bin\core_perl

Yarn version: 
  1.22.19

Node version: 
  18.16.0

Platform: 
  win32 x64

Trace: 
  SyntaxError: C:\Users\Willis\Desktop\nsite\package.json: Unexpected string in JSON at position 111
      at JSON.parse (<anonymous>)
      at C:\Users\Willis\AppData\Roaming\npm\node_modules\yarn\lib\cli.js:1629:59
      at Generator.next (<anonymous>)
      at step (C:\Users\Willis\AppData\Roaming\npm\node_modules\yarn\lib\cli.js:310:30)
      at C:\Users\Willis\AppData\Roaming\npm\node_modules\yarn\lib\cli.js:321:13

npm manifest: 
  {
    "name": "nsite",
    "version": "1.0.0",
    "description": "",
    "main": "app.js",
    "scripts": {
      "start" "nodemon app.js",
      "test": "echo \"Error: no test specified\" && exit 1"
    },
    "keywords": [],
    "author": "",
    "license": "ISC",
    "dependencies": {
      "bcrypt": "^5.1.1",
      "ejs": "^3.1.9",
      "express": "^4.18.2",
      "jsonwebtoken": "^9.0.2",
      "mongoose": "^7.5.2"
    }
  }

yarn manifest: 
  No manifest

Lockfile: 
  No lockfile
